#
# There is insufficient memory for the Java Runtime Environment to continue.
# Native memory allocation (malloc) failed to allocate 360640 bytes for Chunk::new
# Possible reasons:
#   The system is out of physical RAM or swap space
#   The process is running with CompressedOops enabled, and the Java Heap may be blocking the growth of the native heap
# Possible solutions:
#   Reduce memory load on the system
#   Increase physical memory or swap space
#   Check if swap backing store is full
#   Decrease Java heap size (-Xmx/-Xms)
#   Decrease number of Java threads
#   Decrease Java thread stack sizes (-Xss)
#   Set larger code cache with -XX:ReservedCodeCacheSize=
#   JVM is running with Unscaled Compressed Oops mode in which the Java heap is
#     placed in the first 4GB address space. The Java Heap base address is the
#     maximum limit for the native heap growth. Please use -XX:HeapBaseMinAddress
#     to set the Java Heap base and to place the Java Heap above 4GB virtual address.
# This output file may be truncated or incomplete.
#
#  Out of Memory Error (arena.cpp:189), pid=219716, tid=203832
#
# JRE version: Java(TM) SE Runtime Environment (17.0.8+9) (build 17.0.8+9-LTS-211)
# Java VM: Java HotSpot(TM) 64-Bit Server VM (17.0.8+9-LTS-211, mixed mode, sharing, tiered, compressed oops, compressed class ptrs, g1 gc, windows-amd64)
# No core dump will be written. Minidumps are not enabled by default on client versions of Windows
#

---------------  S U M M A R Y ------------

Command Line: -Dfile.encoding=UTF-8 -XX:+ShowCodeDetailsInExceptionMessages com.example.demo.HotelManagement1Application

Host: 11th Gen Intel(R) Core(TM) i3-1115G4 @ 3.00GHz, 4 cores, 7G,  Windows 11 , 64 bit Build 22000 (10.0.22000.434)
Time: Wed Dec 13 16:05:00 2023 India Standard Time elapsed time: 1.306576 seconds (0d 0h 0m 1s)

---------------  T H R E A D  ---------------

Current thread (0x000001ca6972e470):  JavaThread "C2 CompilerThread0" daemon [_thread_in_native, id=203832, stack(0x0000002bac300000,0x0000002bac400000)]


Current CompileTask:
C2:   1306  832       4       java.io.WinNTFileSystem::normalize (143 bytes)

Stack: [0x0000002bac300000,0x0000002bac400000]
Native frames: (J=compiled Java code, j=interpreted, Vv=VM code, C=native code)
V  [jvm.dll+0x677d0a]
V  [jvm.dll+0x7d8c54]
V  [jvm.dll+0x7da3fe]
V  [jvm.dll+0x7daa63]
V  [jvm.dll+0x245c5f]
V  [jvm.dll+0xaaa6b]
V  [jvm.dll+0xab00c]
V  [jvm.dll+0x361e8e]
V  [jvm.dll+0x32c551]
V  [jvm.dll+0x32b9ea]
V  [jvm.dll+0x217fff]
V  [jvm.dll+0x217431]
V  [jvm.dll+0x1a3af0]
V  [jvm.dll+0x2270be]
V  [jvm.dll+0x22535b]
V  [jvm.dll+0x78e7bc]
V  [jvm.dll+0x788bba]
V  [jvm.dll+0x676b35]
C  [ucrtbase.dll+0x26c0c]
C  [KERNEL32.DLL+0x154e0]
C  [ntdll.dll+0x485b]


---------------  P R O C E S S  ---------------

Threads class SMR info:
_java_thread_list=0x000001ca6995d870, length=12, elements={
0x000001ca4bf84a00, 0x000001ca69707940, 0x000001ca69708770, 0x000001ca6971c490,
0x000001ca6971ee50, 0x000001ca6971f800, 0x000001ca697201b0, 0x000001ca6972e470,
0x000001ca6972ef10, 0x000001ca69749ce0, 0x000001ca6995a0c0, 0x000001ca69971660
}

Java Threads: ( => current thread )
  0x000001ca4bf84a00 JavaThread "main" [_thread_in_Java, id=211596, stack(0x0000002bab600000,0x0000002bab700000)]
  0x000001ca69707940 JavaThread "Reference Handler" daemon [_thread_blocked, id=210184, stack(0x0000002babd00000,0x0000002babe00000)]
  0x000001ca69708770 JavaThread "Finalizer" daemon [_thread_blocked, id=217120, stack(0x0000002babe00000,0x0000002babf00000)]
  0x000001ca6971c490 JavaThread "Signal Dispatcher" daemon [_thread_blocked, id=220128, stack(0x0000002babf00000,0x0000002bac000000)]
  0x000001ca6971ee50 JavaThread "Attach Listener" daemon [_thread_blocked, id=219476, stack(0x0000002bac000000,0x0000002bac100000)]
  0x000001ca6971f800 JavaThread "Service Thread" daemon [_thread_blocked, id=156400, stack(0x0000002bac100000,0x0000002bac200000)]
  0x000001ca697201b0 JavaThread "Monitor Deflation Thread" daemon [_thread_blocked, id=204784, stack(0x0000002bac200000,0x0000002bac300000)]
=>0x000001ca6972e470 JavaThread "C2 CompilerThread0" daemon [_thread_in_native, id=203832, stack(0x0000002bac300000,0x0000002bac400000)]
  0x000001ca6972ef10 JavaThread "C1 CompilerThread0" daemon [_thread_in_native, id=191432, stack(0x0000002bac400000,0x0000002bac500000)]
  0x000001ca69749ce0 JavaThread "Sweeper thread" daemon [_thread_blocked, id=205288, stack(0x0000002bac500000,0x0000002bac600000)]
  0x000001ca6995a0c0 JavaThread "Notification Thread" daemon [_thread_blocked, id=218332, stack(0x0000002bac600000,0x0000002bac700000)]
  0x000001ca69971660 JavaThread "Common-Cleaner" daemon [_thread_blocked, id=217656, stack(0x0000002bac800000,0x0000002bac900000)]

Other Threads:
  0x000001ca69703ab0 VMThread "VM Thread" [stack: 0x0000002babc00000,0x0000002babd00000] [id=214952]
  0x000001ca699615c0 WatcherThread [stack: 0x0000002bac700000,0x0000002bac800000] [id=211584]
  0x000001ca4bfdf6f0 GCTaskThread "GC Thread#0" [stack: 0x0000002bab700000,0x0000002bab800000] [id=219620]
  0x000001ca6e5256d0 GCTaskThread "GC Thread#1" [stack: 0x0000002bac900000,0x0000002baca00000] [id=217124]
  0x000001ca6e499a80 GCTaskThread "GC Thread#2" [stack: 0x0000002baca00000,0x0000002bacb00000] [id=177708]
  0x000001ca6e45e1a0 GCTaskThread "GC Thread#3" [stack: 0x0000002bacb00000,0x0000002bacc00000] [id=202828]
  0x000001ca4bff1ba0 ConcurrentGCThread "G1 Main Marker" [stack: 0x0000002bab800000,0x0000002bab900000] [id=211120]
  0x000001ca4bff25b0 ConcurrentGCThread "G1 Conc#0" [stack: 0x0000002bab900000,0x0000002baba00000] [id=209220]
  0x000001ca695c0090 ConcurrentGCThread "G1 Refine#0" [stack: 0x0000002baba00000,0x0000002babb00000] [id=219336]
  0x000001ca6e5888c0 ConcurrentGCThread "G1 Refine#1" [stack: 0x0000002bacc00000,0x0000002bacd00000] [id=220156]
  0x000001ca4c05e810 ConcurrentGCThread "G1 Service" [stack: 0x0000002babb00000,0x0000002babc00000] [id=200364]

Threads with active compile tasks:
C2 CompilerThread0     1349  832       4       java.io.WinNTFileSystem::normalize (143 bytes)
C1 CompilerThread0     1349  846       3       java.net.URI$Parser::checkChars (44 bytes)

VM state: not at safepoint (normal execution)

VM Mutex/Monitor currently owned by a thread: None

Heap address: 0x0000000083200000, size: 1998 MB, Compressed Oops mode: 32-bit

CDS archive(s) mapped at: [0x000001ca00000000-0x000001ca00bd0000-0x000001ca00bd0000), size 12386304, SharedBaseAddress: 0x000001ca00000000, ArchiveRelocationMode: 1.
Compressed class space mapped at: 0x000001ca01000000-0x000001ca41000000, reserved size: 1073741824
Narrow klass base: 0x000001ca00000000, Narrow klass shift: 0, Narrow klass range: 0x100000000

GC Precious Log:
 CPUs: 4 total, 4 available
 Memory: 7991M
 Large Page Support: Disabled
 NUMA Support: Disabled
 Compressed Oops: Enabled (32-bit)
 Heap Region Size: 1M
 Heap Min Capacity: 8M
 Heap Initial Capacity: 126M
 Heap Max Capacity: 1998M
 Pre-touch: Disabled
 Parallel Workers: 4
 Concurrent Workers: 1
 Concurrent Refinement Workers: 4
 Periodic GC: Disabled

Heap:
 garbage-first heap   total 129024K, used 8037K [0x0000000083200000, 0x0000000100000000)
  region size 1024K, 5 young (5120K), 2 survivors (2048K)
 Metaspace       used 4193K, committed 4416K, reserved 1114112K
  class space    used 445K, committed 576K, reserved 1048576K

Heap Regions: E=young(eden), S=young(survivor), O=old, HS=humongous(starts), HC=humongous(continues), CS=collection set, F=free, OA=open archive, CA=closed archive, TAMS=top-at-mark-start (previous, next)
|   0|0x0000000083200000, 0x0000000083300000, 0x0000000083300000|100%|HS|  |TAMS 0x0000000083200000, 0x0000000083200000| Complete 
|   1|0x0000000083300000, 0x0000000083400000, 0x0000000083400000|100%| O|  |TAMS 0x0000000083300000, 0x0000000083300000| Untracked 
|   2|0x0000000083400000, 0x0000000083500000, 0x0000000083500000|100%| O|  |TAMS 0x0000000083400000, 0x0000000083400000| Untracked 
|   3|0x0000000083500000, 0x00000000835d9600, 0x0000000083600000| 84%| O|  |TAMS 0x0000000083500000, 0x0000000083500000| Untracked 
|   4|0x0000000083600000, 0x0000000083600000, 0x0000000083700000|  0%| F|  |TAMS 0x0000000083600000, 0x0000000083600000| Untracked 
|   5|0x0000000083700000, 0x0000000083700000, 0x0000000083800000|  0%| F|  |TAMS 0x0000000083700000, 0x0000000083700000| Untracked 
|   6|0x0000000083800000, 0x0000000083800000, 0x0000000083900000|  0%| F|  |TAMS 0x0000000083800000, 0x0000000083800000| Untracked 
|   7|0x0000000083900000, 0x0000000083900000, 0x0000000083a00000|  0%| F|  |TAMS 0x0000000083900000, 0x0000000083900000| Untracked 
|   8|0x0000000083a00000, 0x0000000083a00000, 0x0000000083b00000|  0%| F|  |TAMS 0x0000000083a00000, 0x0000000083a00000| Untracked 
|   9|0x0000000083b00000, 0x0000000083b00000, 0x0000000083c00000|  0%| F|  |TAMS 0x0000000083b00000, 0x0000000083b00000| Untracked 
|  10|0x0000000083c00000, 0x0000000083c00000, 0x0000000083d00000|  0%| F|  |TAMS 0x0000000083c00000, 0x0000000083c00000| Untracked 
|  11|0x0000000083d00000, 0x0000000083d00000, 0x0000000083e00000|  0%| F|  |TAMS 0x0000000083d00000, 0x0000000083d00000| Untracked 
|  12|0x0000000083e00000, 0x0000000083e00000, 0x0000000083f00000|  0%| F|  |TAMS 0x0000000083e00000, 0x0000000083e00000| Untracked 
|  13|0x0000000083f00000, 0x0000000083f00000, 0x0000000084000000|  0%| F|  |TAMS 0x0000000083f00000, 0x0000000083f00000| Untracked 
|  14|0x0000000084000000, 0x0000000084000000, 0x0000000084100000|  0%| F|  |TAMS 0x0000000084000000, 0x0000000084000000| Untracked 
|  15|0x0000000084100000, 0x0000000084100000, 0x0000000084200000|  0%| F|  |TAMS 0x0000000084100000, 0x0000000084100000| Untracked 
|  16|0x0000000084200000, 0x0000000084200000, 0x0000000084300000|  0%| F|  |TAMS 0x0000000084200000, 0x0000000084200000| Untracked 
|  17|0x0000000084300000, 0x0000000084300000, 0x0000000084400000|  0%| F|  |TAMS 0x0000000084300000, 0x0000000084300000| Untracked 
|  18|0x0000000084400000, 0x0000000084400000, 0x0000000084500000|  0%| F|  |TAMS 0x0000000084400000, 0x0000000084400000| Untracked 
|  19|0x0000000084500000, 0x0000000084500000, 0x0000000084600000|  0%| F|  |TAMS 0x0000000084500000, 0x0000000084500000| Untracked 
|  20|0x0000000084600000, 0x0000000084600000, 0x0000000084700000|  0%| F|  |TAMS 0x0000000084600000, 0x0000000084600000| Untracked 
|  21|0x0000000084700000, 0x0000000084700000, 0x0000000084800000|  0%| F|  |TAMS 0x0000000084700000, 0x0000000084700000| Untracked 
|  22|0x0000000084800000, 0x0000000084800000, 0x0000000084900000|  0%| F|  |TAMS 0x0000000084800000, 0x0000000084800000| Untracked 
|  23|0x0000000084900000, 0x0000000084900000, 0x0000000084a00000|  0%| F|  |TAMS 0x0000000084900000, 0x0000000084900000| Untracked 
|  24|0x0000000084a00000, 0x0000000084a00000, 0x0000000084b00000|  0%| F|  |TAMS 0x0000000084a00000, 0x0000000084a00000| Untracked 
|  25|0x0000000084b00000, 0x0000000084b00000, 0x0000000084c00000|  0%| F|  |TAMS 0x0000000084b00000, 0x0000000084b00000| Untracked 
|  26|0x0000000084c00000, 0x0000000084c00000, 0x0000000084d00000|  0%| F|  |TAMS 0x0000000084c00000, 0x0000000084c00000| Untracked 
|  27|0x0000000084d00000, 0x0000000084d00000, 0x0000000084e00000|  0%| F|  |TAMS 0x0000000084d00000, 0x0000000084d00000| Untracked 
|  28|0x0000000084e00000, 0x0000000084e00000, 0x0000000084f00000|  0%| F|  |TAMS 0x0000000084e00000, 0x0000000084e00000| Untracked 
|  29|0x0000000084f00000, 0x0000000084f00000, 0x0000000085000000|  0%| F|  |TAMS 0x0000000084f00000, 0x0000000084f00000| Untracked 
|  30|0x0000000085000000, 0x0000000085000000, 0x0000000085100000|  0%| F|  |TAMS 0x0000000085000000, 0x0000000085000000| Untracked 
|  31|0x0000000085100000, 0x0000000085100000, 0x0000000085200000|  0%| F|  |TAMS 0x0000000085100000, 0x0000000085100000| Untracked 
|  32|0x0000000085200000, 0x0000000085200000, 0x0000000085300000|  0%| F|  |TAMS 0x0000000085200000, 0x0000000085200000| Untracked 
|  33|0x0000000085300000, 0x0000000085300000, 0x0000000085400000|  0%| F|  |TAMS 0x0000000085300000, 0x0000000085300000| Untracked 
|  34|0x0000000085400000, 0x0000000085400000, 0x0000000085500000|  0%| F|  |TAMS 0x0000000085400000, 0x0000000085400000| Untracked 
|  35|0x0000000085500000, 0x0000000085500000, 0x0000000085600000|  0%| F|  |TAMS 0x0000000085500000, 0x0000000085500000| Untracked 
|  36|0x0000000085600000, 0x0000000085600000, 0x0000000085700000|  0%| F|  |TAMS 0x0000000085600000, 0x0000000085600000| Untracked 
|  37|0x0000000085700000, 0x0000000085700000, 0x0000000085800000|  0%| F|  |TAMS 0x0000000085700000, 0x0000000085700000| Untracked 
|  38|0x0000000085800000, 0x0000000085800000, 0x0000000085900000|  0%| F|  |TAMS 0x0000000085800000, 0x0000000085800000| Untracked 
|  39|0x0000000085900000, 0x0000000085900000, 0x0000000085a00000|  0%| F|  |TAMS 0x0000000085900000, 0x0000000085900000| Untracked 
|  40|0x0000000085a00000, 0x0000000085a00000, 0x0000000085b00000|  0%| F|  |TAMS 0x0000000085a00000, 0x0000000085a00000| Untracked 
|  41|0x0000000085b00000, 0x0000000085b00000, 0x0000000085c00000|  0%| F|  |TAMS 0x0000000085b00000, 0x0000000085b00000| Untracked 
|  42|0x0000000085c00000, 0x0000000085c00000, 0x0000000085d00000|  0%| F|  |TAMS 0x0000000085c00000, 0x0000000085c00000| Untracked 
|  43|0x0000000085d00000, 0x0000000085d00000, 0x0000000085e00000|  0%| F|  |TAMS 0x0000000085d00000, 0x0000000085d00000| Untracked 
|  44|0x0000000085e00000, 0x0000000085e00000, 0x0000000085f00000|  0%| F|  |TAMS 0x0000000085e00000, 0x0000000085e00000| Untracked 
|  45|0x0000000085f00000, 0x0000000085f00000, 0x0000000086000000|  0%| F|  |TAMS 0x0000000085f00000, 0x0000000085f00000| Untracked 
|  46|0x0000000086000000, 0x0000000086000000, 0x0000000086100000|  0%| F|  |TAMS 0x0000000086000000, 0x0000000086000000| Untracked 
|  47|0x0000000086100000, 0x0000000086100000, 0x0000000086200000|  0%| F|  |TAMS 0x0000000086100000, 0x0000000086100000| Untracked 
|  48|0x0000000086200000, 0x0000000086200000, 0x0000000086300000|  0%| F|  |TAMS 0x0000000086200000, 0x0000000086200000| Untracked 
|  49|0x0000000086300000, 0x0000000086300000, 0x0000000086400000|  0%| F|  |TAMS 0x0000000086300000, 0x0000000086300000| Untracked 
|  50|0x0000000086400000, 0x0000000086400000, 0x0000000086500000|  0%| F|  |TAMS 0x0000000086400000, 0x0000000086400000| Untracked 
|  51|0x0000000086500000, 0x0000000086500000, 0x0000000086600000|  0%| F|  |TAMS 0x0000000086500000, 0x0000000086500000| Untracked 
|  52|0x0000000086600000, 0x0000000086600000, 0x0000000086700000|  0%| F|  |TAMS 0x0000000086600000, 0x0000000086600000| Untracked 
|  53|0x0000000086700000, 0x0000000086700000, 0x0000000086800000|  0%| F|  |TAMS 0x0000000086700000, 0x0000000086700000| Untracked 
|  54|0x0000000086800000, 0x0000000086800000, 0x0000000086900000|  0%| F|  |TAMS 0x0000000086800000, 0x0000000086800000| Untracked 
|  55|0x0000000086900000, 0x0000000086900000, 0x0000000086a00000|  0%| F|  |TAMS 0x0000000086900000, 0x0000000086900000| Untracked 
|  56|0x0000000086a00000, 0x0000000086a00000, 0x0000000086b00000|  0%| F|  |TAMS 0x0000000086a00000, 0x0000000086a00000| Untracked 
|  57|0x0000000086b00000, 0x0000000086b00000, 0x0000000086c00000|  0%| F|  |TAMS 0x0000000086b00000, 0x0000000086b00000| Untracked 
|  58|0x0000000086c00000, 0x0000000086c00000, 0x0000000086d00000|  0%| F|  |TAMS 0x0000000086c00000, 0x0000000086c00000| Untracked 
|  59|0x0000000086d00000, 0x0000000086d00000, 0x0000000086e00000|  0%| F|  |TAMS 0x0000000086d00000, 0x0000000086d00000| Untracked 
|  60|0x0000000086e00000, 0x0000000086e00000, 0x0000000086f00000|  0%| F|  |TAMS 0x0000000086e00000, 0x0000000086e00000| Untracked 
|  61|0x0000000086f00000, 0x0000000086f00000, 0x0000000087000000|  0%| F|  |TAMS 0x0000000086f00000, 0x0000000086f00000| Untracked 
|  62|0x0000000087000000, 0x0000000087000000, 0x0000000087100000|  0%| F|  |TAMS 0x0000000087000000, 0x0000000087000000| Untracked 
|  63|0x0000000087100000, 0x0000000087100000, 0x0000000087200000|  0%| F|  |TAMS 0x0000000087100000, 0x0000000087100000| Untracked 
|  64|0x0000000087200000, 0x0000000087200000, 0x0000000087300000|  0%| F|  |TAMS 0x0000000087200000, 0x0000000087200000| Untracked 
|  65|0x0000000087300000, 0x0000000087300000, 0x0000000087400000|  0%| F|  |TAMS 0x0000000087300000, 0x0000000087300000| Untracked 
|  66|0x0000000087400000, 0x0000000087400000, 0x0000000087500000|  0%| F|  |TAMS 0x0000000087400000, 0x0000000087400000| Untracked 
|  67|0x0000000087500000, 0x0000000087500000, 0x0000000087600000|  0%| F|  |TAMS 0x0000000087500000, 0x0000000087500000| Untracked 
|  68|0x0000000087600000, 0x0000000087600000, 0x0000000087700000|  0%| F|  |TAMS 0x0000000087600000, 0x0000000087600000| Untracked 
|  69|0x0000000087700000, 0x0000000087700000, 0x0000000087800000|  0%| F|  |TAMS 0x0000000087700000, 0x0000000087700000| Untracked 
|  70|0x0000000087800000, 0x0000000087800000, 0x0000000087900000|  0%| F|  |TAMS 0x0000000087800000, 0x0000000087800000| Untracked 
|  71|0x0000000087900000, 0x0000000087900000, 0x0000000087a00000|  0%| F|  |TAMS 0x0000000087900000, 0x0000000087900000| Untracked 
|  72|0x0000000087a00000, 0x0000000087a00000, 0x0000000087b00000|  0%| F|  |TAMS 0x0000000087a00000, 0x0000000087a00000| Untracked 
|  73|0x0000000087b00000, 0x0000000087b00000, 0x0000000087c00000|  0%| F|  |TAMS 0x0000000087b00000, 0x0000000087b00000| Untracked 
|  74|0x0000000087c00000, 0x0000000087c00000, 0x0000000087d00000|  0%| F|  |TAMS 0x0000000087c00000, 0x0000000087c00000| Untracked 
|  75|0x0000000087d00000, 0x0000000087d00000, 0x0000000087e00000|  0%| F|  |TAMS 0x0000000087d00000, 0x0000000087d00000| Untracked 
|  76|0x0000000087e00000, 0x0000000087e00000, 0x0000000087f00000|  0%| F|  |TAMS 0x0000000087e00000, 0x0000000087e00000| Untracked 
|  77|0x0000000087f00000, 0x0000000087f00000, 0x0000000088000000|  0%| F|  |TAMS 0x0000000087f00000, 0x0000000087f00000| Untracked 
|  78|0x0000000088000000, 0x0000000088000000, 0x0000000088100000|  0%| F|  |TAMS 0x0000000088000000, 0x0000000088000000| Untracked 
|  79|0x0000000088100000, 0x0000000088100000, 0x0000000088200000|  0%| F|  |TAMS 0x0000000088100000, 0x0000000088100000| Untracked 
|  80|0x0000000088200000, 0x0000000088200000, 0x0000000088300000|  0%| F|  |TAMS 0x0000000088200000, 0x0000000088200000| Untracked 
|  81|0x0000000088300000, 0x0000000088300000, 0x0000000088400000|  0%| F|  |TAMS 0x0000000088300000, 0x0000000088300000| Untracked 
|  82|0x0000000088400000, 0x0000000088400000, 0x0000000088500000|  0%| F|  |TAMS 0x0000000088400000, 0x0000000088400000| Untracked 
|  83|0x0000000088500000, 0x0000000088500000, 0x0000000088600000|  0%| F|  |TAMS 0x0000000088500000, 0x0000000088500000| Untracked 
|  84|0x0000000088600000, 0x0000000088600000, 0x0000000088700000|  0%| F|  |TAMS 0x0000000088600000, 0x0000000088600000| Untracked 
|  85|0x0000000088700000, 0x0000000088700000, 0x0000000088800000|  0%| F|  |TAMS 0x0000000088700000, 0x0000000088700000| Untracked 
|  86|0x0000000088800000, 0x0000000088800000, 0x0000000088900000|  0%| F|  |TAMS 0x0000000088800000, 0x0000000088800000| Untracked 
|  87|0x0000000088900000, 0x0000000088900000, 0x0000000088a00000|  0%| F|  |TAMS 0x0000000088900000, 0x0000000088900000| Untracked 
|  88|0x0000000088a00000, 0x0000000088a00000, 0x0000000088b00000|  0%| F|  |TAMS 0x0000000088a00000, 0x0000000088a00000| Untracked 
|  89|0x0000000088b00000, 0x0000000088b00000, 0x0000000088c00000|  0%| F|  |TAMS 0x0000000088b00000, 0x0000000088b00000| Untracked 
|  90|0x0000000088c00000, 0x0000000088c00000, 0x0000000088d00000|  0%| F|  |TAMS 0x0000000088c00000, 0x0000000088c00000| Untracked 
|  91|0x0000000088d00000, 0x0000000088d00000, 0x0000000088e00000|  0%| F|  |TAMS 0x0000000088d00000, 0x0000000088d00000| Untracked 
|  92|0x0000000088e00000, 0x0000000088e00000, 0x0000000088f00000|  0%| F|  |TAMS 0x0000000088e00000, 0x0000000088e00000| Untracked 
|  93|0x0000000088f00000, 0x0000000088f00000, 0x0000000089000000|  0%| F|  |TAMS 0x0000000088f00000, 0x0000000088f00000| Untracked 
|  94|0x0000000089000000, 0x0000000089000000, 0x0000000089100000|  0%| F|  |TAMS 0x0000000089000000, 0x0000000089000000| Untracked 
|  95|0x0000000089100000, 0x0000000089100000, 0x0000000089200000|  0%| F|  |TAMS 0x0000000089100000, 0x0000000089100000| Untracked 
|  96|0x0000000089200000, 0x0000000089200000, 0x0000000089300000|  0%| F|  |TAMS 0x0000000089200000, 0x0000000089200000| Untracked 
|  97|0x0000000089300000, 0x0000000089300000, 0x0000000089400000|  0%| F|  |TAMS 0x0000000089300000, 0x0000000089300000| Untracked 
|  98|0x0000000089400000, 0x0000000089400000, 0x0000000089500000|  0%| F|  |TAMS 0x0000000089400000, 0x0000000089400000| Untracked 
|  99|0x0000000089500000, 0x0000000089500000, 0x0000000089600000|  0%| F|  |TAMS 0x0000000089500000, 0x0000000089500000| Untracked 
| 100|0x0000000089600000, 0x0000000089600000, 0x0000000089700000|  0%| F|  |TAMS 0x0000000089600000, 0x0000000089600000| Untracked 
| 101|0x0000000089700000, 0x0000000089700000, 0x0000000089800000|  0%| F|  |TAMS 0x0000000089700000, 0x0000000089700000| Untracked 
| 102|0x0000000089800000, 0x0000000089800000, 0x0000000089900000|  0%| F|  |TAMS 0x0000000089800000, 0x0000000089800000| Untracked 
| 103|0x0000000089900000, 0x0000000089900000, 0x0000000089a00000|  0%| F|  |TAMS 0x0000000089900000, 0x0000000089900000| Untracked 
| 104|0x0000000089a00000, 0x0000000089a00000, 0x0000000089b00000|  0%| F|  |TAMS 0x0000000089a00000, 0x0000000089a00000| Untracked 
| 105|0x0000000089b00000, 0x0000000089b00000, 0x0000000089c00000|  0%| F|  |TAMS 0x0000000089b00000, 0x0000000089b00000| Untracked 
| 106|0x0000000089c00000, 0x0000000089c00000, 0x0000000089d00000|  0%| F|  |TAMS 0x0000000089c00000, 0x0000000089c00000| Untracked 
| 107|0x0000000089d00000, 0x0000000089d00000, 0x0000000089e00000|  0%| F|  |TAMS 0x0000000089d00000, 0x0000000089d00000| Untracked 
| 108|0x0000000089e00000, 0x0000000089e00000, 0x0000000089f00000|  0%| F|  |TAMS 0x0000000089e00000, 0x0000000089e00000| Untracked 
| 109|0x0000000089f00000, 0x0000000089f00000, 0x000000008a000000|  0%| F|  |TAMS 0x0000000089f00000, 0x0000000089f00000| Untracked 
| 110|0x000000008a000000, 0x000000008a000000, 0x000000008a100000|  0%| F|  |TAMS 0x000000008a000000, 0x000000008a000000| Untracked 
| 111|0x000000008a100000, 0x000000008a200000, 0x000000008a200000|100%| S|CS|TAMS 0x000000008a100000, 0x000000008a100000| Complete 
| 112|0x000000008a200000, 0x000000008a300000, 0x000000008a300000|100%| S|CS|TAMS 0x000000008a200000, 0x000000008a200000| Complete 
| 113|0x000000008a300000, 0x000000008a300000, 0x000000008a400000|  0%| F|  |TAMS 0x000000008a300000, 0x000000008a300000| Untracked 
| 114|0x000000008a400000, 0x000000008a400000, 0x000000008a500000|  0%| F|  |TAMS 0x000000008a400000, 0x000000008a400000| Untracked 
| 115|0x000000008a500000, 0x000000008a500000, 0x000000008a600000|  0%| F|  |TAMS 0x000000008a500000, 0x000000008a500000| Untracked 
| 116|0x000000008a600000, 0x000000008a600000, 0x000000008a700000|  0%| F|  |TAMS 0x000000008a600000, 0x000000008a600000| Untracked 
| 117|0x000000008a700000, 0x000000008a700000, 0x000000008a800000|  0%| F|  |TAMS 0x000000008a700000, 0x000000008a700000| Untracked 
| 118|0x000000008a800000, 0x000000008a800000, 0x000000008a900000|  0%| F|  |TAMS 0x000000008a800000, 0x000000008a800000| Untracked 
| 119|0x000000008a900000, 0x000000008a900000, 0x000000008aa00000|  0%| F|  |TAMS 0x000000008a900000, 0x000000008a900000| Untracked 
| 120|0x000000008aa00000, 0x000000008aa00000, 0x000000008ab00000|  0%| F|  |TAMS 0x000000008aa00000, 0x000000008aa00000| Untracked 
| 121|0x000000008ab00000, 0x000000008ab00000, 0x000000008ac00000|  0%| F|  |TAMS 0x000000008ab00000, 0x000000008ab00000| Untracked 
| 122|0x000000008ac00000, 0x000000008ac00000, 0x000000008ad00000|  0%| F|  |TAMS 0x000000008ac00000, 0x000000008ac00000| Untracked 
| 123|0x000000008ad00000, 0x000000008adfd2d8, 0x000000008ae00000| 98%| E|  |TAMS 0x000000008ad00000, 0x000000008ad00000| Complete 
| 124|0x000000008ae00000, 0x000000008af00000, 0x000000008af00000|100%| E|CS|TAMS 0x000000008ae00000, 0x000000008ae00000| Complete 
| 125|0x000000008af00000, 0x000000008b000000, 0x000000008b000000|100%| E|CS|TAMS 0x000000008af00000, 0x000000008af00000| Complete 

Card table byte_map: [0x000001ca62c20000,0x000001ca63010000] _byte_map_base: 0x000001ca62807000

Marking Bits (Prev, Next): (CMBitMap*) 0x000001ca4bfdfd00, (CMBitMap*) 0x000001ca4bfdfd40
 Prev Bits: [0x000001ca63400000, 0x000001ca65338000)
 Next Bits: [0x000001ca65340000, 0x000001ca67278000)

Polling page: 0x000001ca49f10000

Metaspace:

Usage:
  Non-class:      3.66 MB used.
      Class:    445.40 KB used.
       Both:      4.10 MB used.

Virtual space:
  Non-class space:       64.00 MB reserved,       3.75 MB (  6%) committed,  1 nodes.
      Class space:        1.00 GB reserved,     576.00 KB ( <1%) committed,  1 nodes.
             Both:        1.06 GB reserved,       4.31 MB ( <1%) committed. 

Chunk freelists:
   Non-Class:  10.32 MB
       Class:  15.50 MB
        Both:  25.82 MB

MaxMetaspaceSize: unlimited
CompressedClassSpaceSize: 1.00 GB
Initial GC threshold: 21.00 MB
Current GC threshold: 21.00 MB
CDS: on
MetaspaceReclaimPolicy: balanced
 - commit_granule_bytes: 65536.
 - commit_granule_words: 8192.
 - virtual_space_node_default_size: 8388608.
 - enlarge_chunks_in_place: 1.
 - new_chunks_are_fully_committed: 0.
 - uncommit_free_chunks: 1.
 - use_allocation_guard: 0.
 - handle_deallocations: 1.


Internal statistics:

num_allocs_failed_limit: 0.
num_arena_births: 32.
num_arena_deaths: 0.
num_vsnodes_births: 2.
num_vsnodes_deaths: 0.
num_space_committed: 69.
num_space_uncommitted: 0.
num_chunks_returned_to_freelist: 0.
num_chunks_taken_from_freelist: 122.
num_chunk_merges: 0.
num_chunk_splits: 79.
num_chunks_enlarged: 64.
num_purges: 0.
num_inconsistent_stats: 0.

CodeHeap 'non-profiled nmethods': size=120000Kb used=260Kb max_used=260Kb free=119739Kb
 bounds [0x000001ca5b300000, 0x000001ca5b570000, 0x000001ca62830000]
CodeHeap 'profiled nmethods': size=120000Kb used=1657Kb max_used=1657Kb free=118342Kb
 bounds [0x000001ca53830000, 0x000001ca53aa0000, 0x000001ca5ad60000]
CodeHeap 'non-nmethods': size=5760Kb used=1149Kb max_used=1163Kb free=4611Kb
 bounds [0x000001ca5ad60000, 0x000001ca5afd0000, 0x000001ca5b300000]
 total_blobs=1269 nmethods=845 adapters=337
 compilation: enabled
              stopped_count=0, restarted_count=0
 full_count=0

Compilation events (20 events):
Event: 1.283 Thread 0x000001ca6972ef10 nmethod 829 0x000001ca539c8310 code [0x000001ca539c84c0, 0x000001ca539c8678]
Event: 1.283 Thread 0x000001ca6972ef10  830       3       java.net.URI$Parser::scan (76 bytes)
Event: 1.284 Thread 0x000001ca6972ef10 nmethod 830 0x000001ca539c8790 code [0x000001ca539c89c0, 0x000001ca539c9258]
Event: 1.284 Thread 0x000001ca6972ef10  831       3       java.net.URI$Parser::at (23 bytes)
Event: 1.284 Thread 0x000001ca6972ef10 nmethod 831 0x000001ca539c9610 code [0x000001ca539c9800, 0x000001ca539c9e38]
Event: 1.285 Thread 0x000001ca6972e470  832       4       java.io.WinNTFileSystem::normalize (143 bytes)
Event: 1.285 Thread 0x000001ca6972ef10  833       3       java.lang.Character::isLetterOrDigit (5 bytes)
Event: 1.285 Thread 0x000001ca6972ef10 nmethod 833 0x000001ca539ca110 code [0x000001ca539ca2e0, 0x000001ca539ca5f8]
Event: 1.286 Thread 0x000001ca6972ef10  834       1       java.net.URI::getScheme (5 bytes)
Event: 1.286 Thread 0x000001ca6972ef10 nmethod 834 0x000001ca5b340990 code [0x000001ca5b340b20, 0x000001ca5b340bf8]
Event: 1.293 Thread 0x000001ca6972ef10  837       3       java.lang.Runtime$Version::feature (17 bytes)
Event: 1.294 Thread 0x000001ca6972ef10 nmethod 837 0x000001ca539ca710 code [0x000001ca539ca8c0, 0x000001ca539caba8]
Event: 1.294 Thread 0x000001ca6972ef10  838       3       java.lang.Float::isNaN (12 bytes)
Event: 1.294 Thread 0x000001ca6972ef10 nmethod 838 0x000001ca539cac90 code [0x000001ca539cae20, 0x000001ca539caf98]
Event: 1.295 Thread 0x000001ca6972ef10  839       3       java.lang.StringCoding::hasNegatives (25 bytes)
Event: 1.295 Thread 0x000001ca6972ef10 nmethod 839 0x000001ca539cb010 code [0x000001ca539cb1c0, 0x000001ca539cb3f8]
Event: 1.296 Thread 0x000001ca6972ef10  840       3       java.nio.file.attribute.FileTime::from (18 bytes)
Event: 1.296 Thread 0x000001ca6972ef10 nmethod 840 0x000001ca539cb510 code [0x000001ca539cb6e0, 0x000001ca539cbac8]
Event: 1.296 Thread 0x000001ca6972ef10  841       3       java.nio.file.attribute.FileTime::<init> (21 bytes)
Event: 1.297 Thread 0x000001ca6972ef10 nmethod 841 0x000001ca539cbc90 code [0x000001ca539cbe40, 0x000001ca539cc078]

GC Heap History (2 events):
Event: 1.163 GC heap before
{Heap before GC invocations=0 (full 0):
 garbage-first heap   total 129024K, used 13312K [0x0000000083200000, 0x0000000100000000)
  region size 1024K, 13 young (13312K), 0 survivors (0K)
 Metaspace       used 3448K, committed 3648K, reserved 1114112K
  class space    used 358K, committed 448K, reserved 1048576K
}
Event: 1.179 GC heap after
{Heap after GC invocations=1 (full 0):
 garbage-first heap   total 129024K, used 5989K [0x0000000083200000, 0x0000000100000000)
  region size 1024K, 2 young (2048K), 2 survivors (2048K)
 Metaspace       used 3448K, committed 3648K, reserved 1114112K
  class space    used 358K, committed 448K, reserved 1048576K
}

Deoptimization events (20 events):
Event: 0.785 Thread 0x000001ca4bf84a00 DEOPT PACKING pc=0x000001ca5b30a4c4 sp=0x0000002bab6fd920
Event: 0.785 Thread 0x000001ca4bf84a00 DEOPT UNPACKING pc=0x000001ca5adb5ba3 sp=0x0000002bab6fd8a0 mode 2
Event: 0.785 Thread 0x000001ca4bf84a00 Uncommon trap: trap_request=0xffffff45 fr.pc=0x000001ca5b30da5c relative=0x000000000000005c
Event: 0.785 Thread 0x000001ca4bf84a00 Uncommon trap: reason=unstable_if action=reinterpret pc=0x000001ca5b30da5c method=java.lang.AbstractStringBuilder.isLatin1()Z @ 10 c2
Event: 0.785 Thread 0x000001ca4bf84a00 DEOPT PACKING pc=0x000001ca5b30da5c sp=0x0000002bab6fd900
Event: 0.785 Thread 0x000001ca4bf84a00 DEOPT UNPACKING pc=0x000001ca5adb5ba3 sp=0x0000002bab6fd890 mode 2
Event: 0.816 Thread 0x000001ca4bf84a00 Uncommon trap: trap_request=0xffffff45 fr.pc=0x000001ca5b3053b8 relative=0x0000000000000038
Event: 0.816 Thread 0x000001ca4bf84a00 Uncommon trap: reason=unstable_if action=reinterpret pc=0x000001ca5b3053b8 method=java.lang.StringLatin1.canEncode(I)Z @ 4 c2
Event: 0.816 Thread 0x000001ca4bf84a00 DEOPT PACKING pc=0x000001ca5b3053b8 sp=0x0000002bab6fcf20
Event: 0.816 Thread 0x000001ca4bf84a00 DEOPT UNPACKING pc=0x000001ca5adb5ba3 sp=0x0000002bab6fceb0 mode 2
Event: 0.898 Thread 0x000001ca4bf84a00 Uncommon trap: trap_request=0xffffff45 fr.pc=0x000001ca5b3096e4 relative=0x0000000000000064
Event: 0.898 Thread 0x000001ca4bf84a00 Uncommon trap: reason=unstable_if action=reinterpret pc=0x000001ca5b3096e4 method=java.io.WinNTFileSystem.isSlash(C)Z @ 9 c2
Event: 0.898 Thread 0x000001ca4bf84a00 DEOPT PACKING pc=0x000001ca5b3096e4 sp=0x0000002bab6febe0
Event: 0.898 Thread 0x000001ca4bf84a00 DEOPT UNPACKING pc=0x000001ca5adb5ba3 sp=0x0000002bab6feb68 mode 2
Event: 1.090 Thread 0x000001ca4bf84a00 DEOPT PACKING pc=0x000001ca53861e3e sp=0x0000002bab6fe300
Event: 1.090 Thread 0x000001ca4bf84a00 DEOPT UNPACKING pc=0x000001ca5adb66e3 sp=0x0000002bab6fd778 mode 0
Event: 1.295 Thread 0x000001ca4bf84a00 Uncommon trap: trap_request=0xffffff45 fr.pc=0x000001ca5b314d28 relative=0x0000000000000128
Event: 1.295 Thread 0x000001ca4bf84a00 Uncommon trap: reason=unstable_if action=reinterpret pc=0x000001ca5b314d28 method=java.lang.StringCoding.hasNegatives([BII)Z @ 12 c2
Event: 1.295 Thread 0x000001ca4bf84a00 DEOPT PACKING pc=0x000001ca5b314d28 sp=0x0000002bab6fe7a0
Event: 1.295 Thread 0x000001ca4bf84a00 DEOPT UNPACKING pc=0x000001ca5adb5ba3 sp=0x0000002bab6fe730 mode 2

Classes unloaded (0 events):
No events

Classes redefined (0 events):
No events

Internal exceptions (10 events):
Event: 0.616 Thread 0x000001ca4bf84a00 Exception <a 'java/lang/ClassNotFoundException'{0x000000008a964b50}: javax/smartcardio/CardPermission> (0x000000008a964b50) 
thrown [s\open\src\hotspot\share\classfile\systemDictionary.cpp, line 256]
Event: 0.627 Thread 0x000001ca4bf84a00 Exception <a 'java/io/FileNotFoundException'{0x000000008a9730c0}> (0x000000008a9730c0) 
thrown [s\open\src\hotspot\share\prims\jni.cpp, line 516]
Event: 0.944 Thread 0x000001ca4bf84a00 Exception <a 'java/lang/NoSuchMethodError'{0x000000008a6e3650}: 'java.lang.Object java.lang.invoke.DirectMethodHandle$Holder.invokeSpecialIFC(java.lang.Object, java.lang.Object, java.lang.Object, java.lang.Object)'> (0x000000008a6e3650) 
thrown [s\open\src\hotspot\share\interpreter\linkResolver.cpp, line 759]
Event: 0.998 Thread 0x000001ca4bf84a00 Exception <a 'java/lang/NoSuchMethodError'{0x000000008a5981d8}: 'int java.lang.invoke.DirectMethodHandle$Holder.invokeStaticInit(java.lang.Object, java.lang.Object)'> (0x000000008a5981d8) 
thrown [s\open\src\hotspot\share\interpreter\linkResolver.cpp, line 759]
Event: 1.146 Thread 0x000001ca4bf84a00 Exception <a 'java/lang/NoSuchMethodError'{0x000000008a38a738}: 'int java.lang.invoke.DirectMethodHandle$Holder.invokeStaticInit(java.lang.Object, java.lang.Object, java.lang.Object)'> (0x000000008a38a738) 
thrown [s\open\src\hotspot\share\interpreter\linkResolver.cpp, line 759]
Event: 1.158 Thread 0x000001ca4bf84a00 Exception <a 'java/lang/NoSuchMethodError'{0x000000008a3e0a68}: 'java.lang.Object java.lang.invoke.DirectMethodHandle$Holder.newInvokeSpecial(java.lang.Object, java.lang.Object, java.lang.Object, java.lang.Object, java.lang.Object)'> (0x000000008a3e0a68) 
thrown [s\open\src\hotspot\share\interpreter\linkResolver.cpp, line 759]
Event: 1.184 Thread 0x000001ca4bf84a00 Exception <a 'java/lang/NoSuchMethodError'{0x000000008af2f3e0}: 'java.lang.Object java.lang.invoke.DirectMethodHandle$Holder.invokeStaticInit(java.lang.Object, java.lang.Object, java.lang.Object)'> (0x000000008af2f3e0) 
thrown [s\open\src\hotspot\share\interpreter\linkResolver.cpp, line 759]
Event: 1.200 Thread 0x000001ca4bf84a00 Exception <a 'java/lang/NoSuchMethodError'{0x000000008af814d0}: 'void java.lang.invoke.DirectMethodHandle$Holder.invokeStatic(java.lang.Object, java.lang.Object, java.lang.Object)'> (0x000000008af814d0) 
thrown [s\open\src\hotspot\share\interpreter\linkResolver.cpp, line 759]
Event: 1.242 Thread 0x000001ca4bf84a00 Exception <a 'java/lang/NoSuchMethodError'{0x000000008ae80770}: 'java.lang.Object java.lang.invoke.DirectMethodHandle$Holder.invokeStaticInit(java.lang.Object)'> (0x000000008ae80770) 
thrown [s\open\src\hotspot\share\interpreter\linkResolver.cpp, line 759]
Event: 1.271 Thread 0x000001ca4bf84a00 Exception <a 'java/lang/NoSuchMethodError'{0x000000008ae98db8}: 'int java.lang.invoke.DirectMethodHandle$Holder.invokeSpecial(java.lang.Object, java.lang.Object, java.lang.Object)'> (0x000000008ae98db8) 
thrown [s\open\src\hotspot\share\interpreter\linkResolver.cpp, line 759]

VM Operations (8 events):
Event: 0.293 Executing VM operation: HandshakeAllThreads
Event: 0.293 Executing VM operation: HandshakeAllThreads done
Event: 0.859 Executing VM operation: HandshakeAllThreads
Event: 0.859 Executing VM operation: HandshakeAllThreads done
Event: 0.898 Executing VM operation: HandshakeAllThreads
Event: 0.898 Executing VM operation: HandshakeAllThreads done
Event: 1.163 Executing VM operation: G1CollectForAllocation
Event: 1.179 Executing VM operation: G1CollectForAllocation done

Events (20 events):
Event: 1.275 loading class java/util/stream/Nodes$EmptyNode$OfInt
Event: 1.275 loading class java/util/stream/Node$OfInt
Event: 1.275 loading class java/util/stream/Node$OfPrimitive
Event: 1.276 loading class java/util/stream/Node$OfPrimitive done
Event: 1.276 loading class java/util/stream/Node$OfInt done
Event: 1.276 loading class java/util/stream/Nodes$EmptyNode$OfInt done
Event: 1.276 loading class java/util/stream/Nodes$EmptyNode$OfLong
Event: 1.276 loading class java/util/stream/Node$OfLong
Event: 1.276 loading class java/util/stream/Node$OfLong done
Event: 1.276 loading class java/util/stream/Nodes$EmptyNode$OfLong done
Event: 1.276 loading class java/util/stream/Nodes$EmptyNode$OfDouble
Event: 1.276 loading class java/util/stream/Node$OfDouble
Event: 1.277 loading class java/util/stream/Node$OfDouble done
Event: 1.277 loading class java/util/stream/Nodes$EmptyNode$OfDouble done
Event: 1.277 loading class java/util/stream/Nodes$FixedNodeBuilder
Event: 1.277 loading class java/util/stream/Node$Builder
Event: 1.277 loading class java/util/stream/Node$Builder done
Event: 1.277 loading class java/util/stream/Nodes$ArrayNode
Event: 1.278 loading class java/util/stream/Nodes$ArrayNode done
Event: 1.278 loading class java/util/stream/Nodes$FixedNodeBuilder done


Dynamic libraries:
0x00007ff609e10000 - 0x00007ff609e20000 	C:\Program Files\Java\jdk-17\bin\javaw.exe
0x00007ffc976a0000 - 0x00007ffc978a9000 	C:\WINDOWS\SYSTEM32\ntdll.dll
0x00007ffc96820000 - 0x00007ffc968dd000 	C:\WINDOWS\System32\KERNEL32.DLL
0x00007ffc94f90000 - 0x00007ffc95304000 	C:\WINDOWS\System32\KERNELBASE.dll
0x00007ffc94c00000 - 0x00007ffc94d11000 	C:\WINDOWS\System32\ucrtbase.dll
0x00007ffc53310000 - 0x00007ffc5332b000 	C:\Program Files\Java\jdk-17\bin\VCRUNTIME140.dll
0x00007ffc7aa90000 - 0x00007ffc7aaa9000 	C:\Program Files\Java\jdk-17\bin\jli.dll
0x00007ffc97340000 - 0x00007ffc973ee000 	C:\WINDOWS\System32\ADVAPI32.dll
0x00007ffc975b0000 - 0x00007ffc97653000 	C:\WINDOWS\System32\msvcrt.dll
0x00007ffc97510000 - 0x00007ffc975ae000 	C:\WINDOWS\System32\sechost.dll
0x00007ffc969c0000 - 0x00007ffc96ae0000 	C:\WINDOWS\System32\RPCRT4.dll
0x00007ffc96ae0000 - 0x00007ffc96c8c000 	C:\WINDOWS\System32\USER32.dll
0x00007ffc94f60000 - 0x00007ffc94f86000 	C:\WINDOWS\System32\win32u.dll
0x00007ffc96260000 - 0x00007ffc96289000 	C:\WINDOWS\System32\GDI32.dll
0x00007ffc94d20000 - 0x00007ffc94e32000 	C:\WINDOWS\System32\gdi32full.dll
0x00007ffc94ec0000 - 0x00007ffc94f5d000 	C:\WINDOWS\System32\msvcp_win.dll
0x00007ffc8a090000 - 0x00007ffc8a09a000 	C:\WINDOWS\SYSTEM32\VERSION.dll
0x00007ffc790f0000 - 0x00007ffc79395000 	C:\WINDOWS\WinSxS\amd64_microsoft.windows.common-controls_6595b64144ccf1df_6.0.22000.120_none_9d947278b86cc467\COMCTL32.dll
0x00007ffc96220000 - 0x00007ffc96251000 	C:\WINDOWS\System32\IMM32.DLL
0x00007ffc88730000 - 0x00007ffc8873c000 	C:\Program Files\Java\jdk-17\bin\vcruntime140_1.dll
0x00007ffc44c20000 - 0x00007ffc44cae000 	C:\Program Files\Java\jdk-17\bin\msvcp140.dll
0x00007ffc39c50000 - 0x00007ffc3a82e000 	C:\Program Files\Java\jdk-17\bin\server\jvm.dll
0x00007ffc97210000 - 0x00007ffc97218000 	C:\WINDOWS\System32\PSAPI.DLL
0x00007ffc781c0000 - 0x00007ffc781c9000 	C:\WINDOWS\SYSTEM32\WSOCK32.dll
0x00007ffc97230000 - 0x00007ffc9729f000 	C:\WINDOWS\System32\WS2_32.dll
0x00007ffc873d0000 - 0x00007ffc87403000 	C:\WINDOWS\SYSTEM32\WINMM.dll
0x00007ffc93d80000 - 0x00007ffc93d98000 	C:\WINDOWS\SYSTEM32\kernel.appcore.dll
0x00007ffc82bf0000 - 0x00007ffc82bfa000 	C:\Program Files\Java\jdk-17\bin\jimage.dll
0x00007ffc92600000 - 0x00007ffc92821000 	C:\WINDOWS\SYSTEM32\DBGHELP.DLL
0x00007ffc895c0000 - 0x00007ffc895f1000 	C:\WINDOWS\SYSTEM32\dbgcore.DLL
0x00007ffc94e40000 - 0x00007ffc94ebf000 	C:\WINDOWS\System32\bcryptPrimitives.dll
0x00007ffc52be0000 - 0x00007ffc52c05000 	C:\Program Files\Java\jdk-17\bin\java.dll
0x00007ffc44b40000 - 0x00007ffc44c17000 	C:\Program Files\Java\jdk-17\bin\jsvml.dll
0x00007ffc955c0000 - 0x00007ffc95d6e000 	C:\WINDOWS\System32\SHELL32.dll
0x00007ffc92d00000 - 0x00007ffc93567000 	C:\WINDOWS\SYSTEM32\windows.storage.dll
0x00007ffc96290000 - 0x00007ffc96608000 	C:\WINDOWS\System32\combase.dll
0x00007ffc92b90000 - 0x00007ffc92cf6000 	C:\WINDOWS\SYSTEM32\wintypes.dll
0x00007ffc96080000 - 0x00007ffc9616a000 	C:\WINDOWS\System32\SHCORE.dll
0x00007ffc972d0000 - 0x00007ffc9732d000 	C:\WINDOWS\System32\shlwapi.dll
0x00007ffc94ac0000 - 0x00007ffc94ae1000 	C:\WINDOWS\SYSTEM32\profapi.dll
0x00007ffc52fc0000 - 0x00007ffc52fd9000 	C:\Program Files\Java\jdk-17\bin\net.dll
0x00007ffc8d100000 - 0x00007ffc8d20c000 	C:\WINDOWS\SYSTEM32\WINHTTP.dll
0x00007ffc941b0000 - 0x00007ffc94217000 	C:\WINDOWS\system32\mswsock.dll
0x00007ffc50e40000 - 0x00007ffc50e56000 	C:\Program Files\Java\jdk-17\bin\nio.dll
0x00007ffc480c0000 - 0x00007ffc480d8000 	C:\Program Files\Java\jdk-17\bin\zip.dll
0x00007ffc7ca40000 - 0x00007ffc7ca50000 	C:\Program Files\Java\jdk-17\bin\verify.dll
0x00007ffc74b50000 - 0x00007ffc74b5a000 	C:\Program Files\Java\jdk-17\bin\management.dll
0x00007ffc6e8f0000 - 0x00007ffc6e8fb000 	C:\Program Files\Java\jdk-17\bin\management_ext.dll

dbghelp: loaded successfully - version: 4.0.5 - missing functions: none
symbol engine: initialized successfully - sym options: 0x614 - pdb path: .;C:\Program Files\Java\jdk-17\bin;C:\WINDOWS\SYSTEM32;C:\WINDOWS\WinSxS\amd64_microsoft.windows.common-controls_6595b64144ccf1df_6.0.22000.120_none_9d947278b86cc467;C:\Program Files\Java\jdk-17\bin\server

VM Arguments:
jvm_args: -Dfile.encoding=UTF-8 -XX:+ShowCodeDetailsInExceptionMessages 
java_command: com.example.demo.HotelManagement1Application
java_class_path (initial): D:\eclipse\SpringBoot_programs\Hotel_Management-1\target\classes;C:\Users\dhanu\.m2\repository\org\springframework\boot\spring-boot-starter-data-jpa\2.7.17\spring-boot-starter-data-jpa-2.7.17.jar;C:\Users\dhanu\.m2\repository\org\springframework\boot\spring-boot-starter-aop\2.7.17\spring-boot-starter-aop-2.7.17.jar;C:\Users\dhanu\.m2\repository\org\springframework\spring-aop\5.3.30\spring-aop-5.3.30.jar;C:\Users\dhanu\.m2\repository\org\aspectj\aspectjweaver\1.9.7\aspectjweaver-1.9.7.jar;C:\Users\dhanu\.m2\repository\org\springframework\boot\spring-boot-starter-jdbc\2.7.17\spring-boot-starter-jdbc-2.7.17.jar;C:\Users\dhanu\.m2\repository\com\zaxxer\HikariCP\4.0.3\HikariCP-4.0.3.jar;C:\Users\dhanu\.m2\repository\org\springframework\spring-jdbc\5.3.30\spring-jdbc-5.3.30.jar;C:\Users\dhanu\.m2\repository\jakarta\transaction\jakarta.transaction-api\1.3.3\jakarta.transaction-api-1.3.3.jar;C:\Users\dhanu\.m2\repository\jakarta\persistence\jakarta.persistence-api\2.2.3\jakarta.persistence-api-2.2.3.jar;C:\Users\dhanu\.m2\repository\org\hibernate\hibernate-core\5.6.15.Final\hibernate-core-5.6.15.Final.jar;C:\Users\dhanu\.m2\repository\org\jboss\logging\jboss-logging\3.4.3.Final\jboss-logging-3.4.3.Final.jar;C:\Users\dhanu\.m2\repository\net\bytebuddy\byte-buddy\1.12.23\byte-buddy-1.12.23.jar;C:\Users\dhanu\.m2\repository\antlr\antlr\2.7.7\antlr-2.7.7.jar;C:\Users\dhanu\.m2\repository\org\jboss\jandex\2.4.2.Final\jandex-2.4.2.Final.jar;C:\Users\dhanu\.m2\repository\com\fasterxml\classmate\1.5.1\classmate-1.5.1.jar;C:\Users\dhanu\.m2\repository\org\hibernate\common\hibernate-commons-annotations\5.1.2.Final\hibernate-commons-annotations-5.1.2.Final.jar;C:\Users\dhanu\.m2\repository\org\glassfish\jaxb\jaxb-runtime\2.3.8\jaxb-runtime-2.3.8.jar;C:\Users\dhanu\.m2\repository\org\glassfish\jaxb\txw2\2.3.8\txw2-2.3.8.jar;C:\Users\dhanu\.m2\repository\com\sun\istack\istack-commons-runtime\3.0.12\istack-commons-runtime-3.0.12.jar;C:\Users\dhanu\.m2\reposit
Launcher Type: SUN_STANDARD

[Global flags]
     intx CICompilerCount                          = 3                                         {product} {ergonomic}
     uint ConcGCThreads                            = 1                                         {product} {ergonomic}
     uint G1ConcRefinementThreads                  = 4                                         {product} {ergonomic}
   size_t G1HeapRegionSize                         = 1048576                                   {product} {ergonomic}
    uintx GCDrainStackTargetSize                   = 64                                        {product} {ergonomic}
   size_t InitialHeapSize                          = 132120576                                 {product} {ergonomic}
   size_t MarkStackSize                            = 4194304                                   {product} {ergonomic}
   size_t MaxHeapSize                              = 2095054848                                {product} {ergonomic}
   size_t MaxNewSize                               = 1256194048                                {product} {ergonomic}
   size_t MinHeapDeltaBytes                        = 1048576                                   {product} {ergonomic}
   size_t MinHeapSize                              = 8388608                                   {product} {ergonomic}
    uintx NonNMethodCodeHeapSize                   = 5832780                                {pd product} {ergonomic}
    uintx NonProfiledCodeHeapSize                  = 122912730                              {pd product} {ergonomic}
    uintx ProfiledCodeHeapSize                     = 122912730                              {pd product} {ergonomic}
    uintx ReservedCodeCacheSize                    = 251658240                              {pd product} {ergonomic}
     bool SegmentedCodeCache                       = true                                      {product} {ergonomic}
     bool ShowCodeDetailsInExceptionMessages       = true                                   {manageable} {command line}
   size_t SoftMaxHeapSize                          = 2095054848                             {manageable} {ergonomic}
     bool UseCompressedClassPointers               = true                           {product lp64_product} {ergonomic}
     bool UseCompressedOops                        = true                           {product lp64_product} {ergonomic}
     bool UseG1GC                                  = true                                      {product} {ergonomic}
     bool UseLargePagesIndividualAllocation        = false                                  {pd product} {ergonomic}

Logging:
Log output configuration:
 #0: stdout all=warning uptime,level,tags
 #1: stderr all=off uptime,level,tags

Environment Variables:
PATH=C:\Program Files\Common Files\Oracle\Java\javapath;C:\WINDOWS\system32;C:\WINDOWS;C:\WINDOWS\System32\Wbem;C:\WINDOWS\System32\WindowsPowerShell\v1.0\;C:\WINDOWS\System32\OpenSSH\;C:\Users\dhanu\AppData\Local\Programs\Python\Python311\Scripts;C:\Users\dhanu\AppData\Local\Programs\Python\Python311;C:\Program Files\Java\jdk-17\bin;C:\Program Files\nodejs\;C:\ProgramData\chocolatey\bin;C:\Program Files\MySQL\MySQL Shell 8.0\bin\;C:\Users\dhanu\AppData\Local\Microsoft\WindowsApps;C:\Users\dhanu\AppData\Roaming\npm;C:\Users\dhanu\AppData\Local\Programs\Microsoft VS Code\bin
USERNAME=dhanu
OS=Windows_NT
PROCESSOR_IDENTIFIER=Intel64 Family 6 Model 140 Stepping 1, GenuineIntel



---------------  S Y S T E M  ---------------

OS:
 Windows 11 , 64 bit Build 22000 (10.0.22000.434)
OS uptime: 41 days 2:19 hours

CPU: total 4 (initial active 4) (2 cores per cpu, 2 threads per core) family 6 model 140 stepping 1 microcode 0x9a, cx8, cmov, fxsr, ht, mmx, 3dnowpref, sse, sse2, sse3, ssse3, sse4.1, sse4.2, popcnt, lzcnt, tsc, tscinvbit, avx, avx2, aes, erms, clmul, bmi1, bmi2, adx, avx512f, avx512dq, avx512cd, avx512bw, avx512vl, sha, fma, vzeroupper, avx512_vpopcntdq, avx512_vpclmulqdq, avx512_vaes, avx512_vnni, clflush, clflushopt, clwb, avx512_vbmi2, avx512_vbmi

Memory: 4k page, system-wide physical 7991M (16M free)
TotalPageFile size 27088M (AvailPageFile size 2M)
current process WorkingSet (physical memory assigned to process): 67M, peak: 67M
current process commit charge ("private bytes"): 213M, peak: 213M

vm_info: Java HotSpot(TM) 64-Bit Server VM (17.0.8+9-LTS-211) for windows-amd64 JRE (17.0.8+9-LTS-211), built on Jun 14 2023 10:34:31 by "mach5one" with MS VC++ 17.1 (VS2022)

END.
