#
# There is insufficient memory for the Java Runtime Environment to continue.
# Native memory allocation (mmap) failed to map 132120576 bytes for G1 virtual space
# Possible reasons:
#   The system is out of physical RAM or swap space
#   The process is running with CompressedOops enabled, and the Java Heap may be blocking the growth of the native heap
# Possible solutions:
#   Reduce memory load on the system
#   Increase physical memory or swap space
#   Check if swap backing store is full
#   Decrease Java heap size (-Xmx/-Xms)
#   Decrease number of Java threads
#   Decrease Java thread stack sizes (-Xss)
#   Set larger code cache with -XX:ReservedCodeCacheSize=
#   JVM is running with Unscaled Compressed Oops mode in which the Java heap is
#     placed in the first 4GB address space. The Java Heap base address is the
#     maximum limit for the native heap growth. Please use -XX:HeapBaseMinAddress
#     to set the Java Heap base and to place the Java Heap above 4GB virtual address.
# This output file may be truncated or incomplete.
#
#  Out of Memory Error (os_windows.cpp:3550), pid=210784, tid=209900
#
# JRE version:  (17.0.8+9) (build )
# Java VM: Java HotSpot(TM) 64-Bit Server VM (17.0.8+9-LTS-211, mixed mode, sharing, tiered, compressed oops, compressed class ptrs, g1 gc, windows-amd64)
# No core dump will be written. Minidumps are not enabled by default on client versions of Windows
#

---------------  S U M M A R Y ------------

Command Line: -Dfile.encoding=UTF-8 -XX:+ShowCodeDetailsInExceptionMessages com.example.demo.HotelManagement1Application

Host: 11th Gen Intel(R) Core(TM) i3-1115G4 @ 3.00GHz, 4 cores, 7G,  Windows 11 , 64 bit Build 22000 (10.0.22000.434)
Time: Wed Dec 13 14:35:06 2023 India Standard Time elapsed time: 0.040783 seconds (0d 0h 0m 0s)

---------------  T H R E A D  ---------------

Current thread (0x0000022e3bc64550):  JavaThread "Unknown thread" [_thread_in_vm, id=209900, stack(0x000000640a500000,0x000000640a600000)]

Stack: [0x000000640a500000,0x000000640a600000]
Native frames: (J=compiled Java code, j=interpreted, Vv=VM code, C=native code)
V  [jvm.dll+0x677d0a]
V  [jvm.dll+0x7d8c54]
V  [jvm.dll+0x7da3fe]
V  [jvm.dll+0x7daa63]
V  [jvm.dll+0x245c5f]
V  [jvm.dll+0x674bb9]
V  [jvm.dll+0x6694f2]
V  [jvm.dll+0x3031d6]
V  [jvm.dll+0x30a756]
V  [jvm.dll+0x359f9e]
V  [jvm.dll+0x35a1cf]
V  [jvm.dll+0x2da3e8]
V  [jvm.dll+0x2db354]
V  [jvm.dll+0x7aa711]
V  [jvm.dll+0x367b51]
V  [jvm.dll+0x789979]
V  [jvm.dll+0x3eb05f]
V  [jvm.dll+0x3ecae1]
C  [jli.dll+0x5297]
C  [ucrtbase.dll+0x26c0c]
C  [KERNEL32.DLL+0x154e0]
C  [ntdll.dll+0x485b]


---------------  P R O C E S S  ---------------

Threads class SMR info:
_java_thread_list=0x00007ffc333c59d8, length=0, elements={
}

Java Threads: ( => current thread )

Other Threads:
  0x0000022e3bcc05c0 GCTaskThread "GC Thread#0" [stack: 0x000000640a600000,0x000000640a700000] [id=213080]
  0x0000022e3bcd1660 ConcurrentGCThread "G1 Main Marker" [stack: 0x000000640a700000,0x000000640a800000] [id=200084]
  0x0000022e3bcd2070 ConcurrentGCThread "G1 Conc#0" [stack: 0x000000640a800000,0x000000640a900000] [id=215984]

[error occurred during error reporting (printing all threads), id 0xc0000005, EXCEPTION_ACCESS_VIOLATION (0xc0000005) at pc=0x00007ffc32bfb047]

VM state: not at safepoint (not fully initialized)

VM Mutex/Monitor currently owned by a thread:  ([mutex/lock_event])
[0x0000022e3bc61fe0] Heap_lock - owner thread: 0x0000022e3bc64550

Heap address: 0x0000000083200000, size: 1998 MB, Compressed Oops mode: 32-bit

CDS archive(s) mapped at: [0x0000000000000000-0x0000000000000000-0x0000000000000000), size 0, SharedBaseAddress: 0x0000000800000000, ArchiveRelocationMode: 1.
Narrow klass base: 0x0000000000000000, Narrow klass shift: 0, Narrow klass range: 0x0

GC Precious Log:
<Empty>

Heap:
 garbage-first heap   total 0K, used 0K [0x0000000083200000, 0x0000000100000000)
  region size 1024K, 0 young (0K), 0 survivors (0K)

[error occurred during error reporting (printing heap information), id 0xc0000005, EXCEPTION_ACCESS_VIOLATION (0xc0000005) at pc=0x00007ffc32fe1499]

GC Heap History (0 events):
No events

Deoptimization events (0 events):
No events

Classes unloaded (0 events):
No events

Classes redefined (0 events):
No events

Internal exceptions (0 events):
No events

VM Operations (0 events):
No events

Events (1 events):
Event: 0.024 Loaded shared library C:\Program Files\Java\jdk-17\bin\java.dll


Dynamic libraries:
0x00007ff6371c0000 - 0x00007ff6371d0000 	C:\Program Files\Java\jdk-17\bin\javaw.exe
0x00007ffc976a0000 - 0x00007ffc978a9000 	C:\WINDOWS\SYSTEM32\ntdll.dll
0x00007ffc96820000 - 0x00007ffc968dd000 	C:\WINDOWS\System32\KERNEL32.DLL
0x00007ffc94f90000 - 0x00007ffc95304000 	C:\WINDOWS\System32\KERNELBASE.dll
0x00007ffc94c00000 - 0x00007ffc94d11000 	C:\WINDOWS\System32\ucrtbase.dll
0x00007ffc82e10000 - 0x00007ffc82e29000 	C:\Program Files\Java\jdk-17\bin\jli.dll
0x00007ffc97340000 - 0x00007ffc973ee000 	C:\WINDOWS\System32\ADVAPI32.dll
0x00007ffc975b0000 - 0x00007ffc97653000 	C:\WINDOWS\System32\msvcrt.dll
0x00007ffc97510000 - 0x00007ffc975ae000 	C:\WINDOWS\System32\sechost.dll
0x00007ffc969c0000 - 0x00007ffc96ae0000 	C:\WINDOWS\System32\RPCRT4.dll
0x00007ffc96ae0000 - 0x00007ffc96c8c000 	C:\WINDOWS\System32\USER32.dll
0x00007ffc94f60000 - 0x00007ffc94f86000 	C:\WINDOWS\System32\win32u.dll
0x00007ffc96260000 - 0x00007ffc96289000 	C:\WINDOWS\System32\GDI32.dll
0x00007ffc94d20000 - 0x00007ffc94e32000 	C:\WINDOWS\System32\gdi32full.dll
0x00007ffc94ec0000 - 0x00007ffc94f5d000 	C:\WINDOWS\System32\msvcp_win.dll
0x00007ffc82d10000 - 0x00007ffc82d2b000 	C:\Program Files\Java\jdk-17\bin\VCRUNTIME140.dll
0x00007ffc790f0000 - 0x00007ffc79395000 	C:\WINDOWS\WinSxS\amd64_microsoft.windows.common-controls_6595b64144ccf1df_6.0.22000.120_none_9d947278b86cc467\COMCTL32.dll
0x00007ffc8a090000 - 0x00007ffc8a09a000 	C:\WINDOWS\SYSTEM32\VERSION.dll
0x00007ffc96220000 - 0x00007ffc96251000 	C:\WINDOWS\System32\IMM32.DLL
0x00007ffc8e0f0000 - 0x00007ffc8e0fc000 	C:\Program Files\Java\jdk-17\bin\vcruntime140_1.dll
0x00007ffc5f620000 - 0x00007ffc5f6ae000 	C:\Program Files\Java\jdk-17\bin\msvcp140.dll
0x00007ffc32910000 - 0x00007ffc334ee000 	C:\Program Files\Java\jdk-17\bin\server\jvm.dll
0x00007ffc97210000 - 0x00007ffc97218000 	C:\WINDOWS\System32\PSAPI.DLL
0x00007ffc89d60000 - 0x00007ffc89d69000 	C:\WINDOWS\SYSTEM32\WSOCK32.dll
0x00007ffc97230000 - 0x00007ffc9729f000 	C:\WINDOWS\System32\WS2_32.dll
0x00007ffc873d0000 - 0x00007ffc87403000 	C:\WINDOWS\SYSTEM32\WINMM.dll
0x00007ffc93d80000 - 0x00007ffc93d98000 	C:\WINDOWS\SYSTEM32\kernel.appcore.dll
0x00007ffc89ce0000 - 0x00007ffc89cea000 	C:\Program Files\Java\jdk-17\bin\jimage.dll
0x00007ffc92600000 - 0x00007ffc92821000 	C:\WINDOWS\SYSTEM32\DBGHELP.DLL
0x00007ffc895c0000 - 0x00007ffc895f1000 	C:\WINDOWS\SYSTEM32\dbgcore.DLL
0x00007ffc94e40000 - 0x00007ffc94ebf000 	C:\WINDOWS\System32\bcryptPrimitives.dll
0x00007ffc82c90000 - 0x00007ffc82cb5000 	C:\Program Files\Java\jdk-17\bin\java.dll

dbghelp: loaded successfully - version: 4.0.5 - missing functions: none
symbol engine: initialized successfully - sym options: 0x614 - pdb path: .;C:\Program Files\Java\jdk-17\bin;C:\WINDOWS\SYSTEM32;C:\WINDOWS\WinSxS\amd64_microsoft.windows.common-controls_6595b64144ccf1df_6.0.22000.120_none_9d947278b86cc467;C:\Program Files\Java\jdk-17\bin\server

VM Arguments:
jvm_args: -Dfile.encoding=UTF-8 -XX:+ShowCodeDetailsInExceptionMessages 
java_command: com.example.demo.HotelManagement1Application
java_class_path (initial): D:\eclipse\SpringBoot_programs\Hotel_Management-1\target\classes;C:\Users\dhanu\.m2\repository\org\springframework\boot\spring-boot-starter-data-jpa\2.7.17\spring-boot-starter-data-jpa-2.7.17.jar;C:\Users\dhanu\.m2\repository\org\springframework\boot\spring-boot-starter-aop\2.7.17\spring-boot-starter-aop-2.7.17.jar;C:\Users\dhanu\.m2\repository\org\springframework\spring-aop\5.3.30\spring-aop-5.3.30.jar;C:\Users\dhanu\.m2\repository\org\aspectj\aspectjweaver\1.9.7\aspectjweaver-1.9.7.jar;C:\Users\dhanu\.m2\repository\org\springframework\boot\spring-boot-starter-jdbc\2.7.17\spring-boot-starter-jdbc-2.7.17.jar;C:\Users\dhanu\.m2\repository\com\zaxxer\HikariCP\4.0.3\HikariCP-4.0.3.jar;C:\Users\dhanu\.m2\repository\org\springframework\spring-jdbc\5.3.30\spring-jdbc-5.3.30.jar;C:\Users\dhanu\.m2\repository\jakarta\transaction\jakarta.transaction-api\1.3.3\jakarta.transaction-api-1.3.3.jar;C:\Users\dhanu\.m2\repository\jakarta\persistence\jakarta.persistence-api\2.2.3\jakarta.persistence-api-2.2.3.jar;C:\Users\dhanu\.m2\repository\org\hibernate\hibernate-core\5.6.15.Final\hibernate-core-5.6.15.Final.jar;C:\Users\dhanu\.m2\repository\org\jboss\logging\jboss-logging\3.4.3.Final\jboss-logging-3.4.3.Final.jar;C:\Users\dhanu\.m2\repository\net\bytebuddy\byte-buddy\1.12.23\byte-buddy-1.12.23.jar;C:\Users\dhanu\.m2\repository\antlr\antlr\2.7.7\antlr-2.7.7.jar;C:\Users\dhanu\.m2\repository\org\jboss\jandex\2.4.2.Final\jandex-2.4.2.Final.jar;C:\Users\dhanu\.m2\repository\com\fasterxml\classmate\1.5.1\classmate-1.5.1.jar;C:\Users\dhanu\.m2\repository\org\hibernate\common\hibernate-commons-annotations\5.1.2.Final\hibernate-commons-annotations-5.1.2.Final.jar;C:\Users\dhanu\.m2\repository\org\glassfish\jaxb\jaxb-runtime\2.3.8\jaxb-runtime-2.3.8.jar;C:\Users\dhanu\.m2\repository\org\glassfish\jaxb\txw2\2.3.8\txw2-2.3.8.jar;C:\Users\dhanu\.m2\repository\com\sun\istack\istack-commons-runtime\3.0.12\istack-commons-runtime-3.0.12.jar;C:\Users\dhanu\.m2\reposit
Launcher Type: SUN_STANDARD

[Global flags]
     intx CICompilerCount                          = 3                                         {product} {ergonomic}
     uint ConcGCThreads                            = 1                                         {product} {ergonomic}
     uint G1ConcRefinementThreads                  = 4                                         {product} {ergonomic}
   size_t G1HeapRegionSize                         = 1048576                                   {product} {ergonomic}
    uintx GCDrainStackTargetSize                   = 64                                        {product} {ergonomic}
   size_t InitialHeapSize                          = 132120576                                 {product} {ergonomic}
   size_t MarkStackSize                            = 4194304                                   {product} {ergonomic}
   size_t MaxHeapSize                              = 2095054848                                {product} {ergonomic}
   size_t MinHeapDeltaBytes                        = 1048576                                   {product} {ergonomic}
   size_t MinHeapSize                              = 8388608                                   {product} {ergonomic}
    uintx NonNMethodCodeHeapSize                   = 5832780                                {pd product} {ergonomic}
    uintx NonProfiledCodeHeapSize                  = 122912730                              {pd product} {ergonomic}
    uintx ProfiledCodeHeapSize                     = 122912730                              {pd product} {ergonomic}
    uintx ReservedCodeCacheSize                    = 251658240                              {pd product} {ergonomic}
     bool SegmentedCodeCache                       = true                                      {product} {ergonomic}
     bool ShowCodeDetailsInExceptionMessages       = true                                   {manageable} {command line}
   size_t SoftMaxHeapSize                          = 2095054848                             {manageable} {ergonomic}
     bool UseCompressedClassPointers               = true                           {product lp64_product} {ergonomic}
     bool UseCompressedOops                        = true                           {product lp64_product} {ergonomic}
     bool UseG1GC                                  = true                                      {product} {ergonomic}
     bool UseLargePagesIndividualAllocation        = false                                  {pd product} {ergonomic}

Logging:
Log output configuration:
 #0: stdout all=warning uptime,level,tags
 #1: stderr all=off uptime,level,tags

Environment Variables:
PATH=C:\Program Files\Common Files\Oracle\Java\javapath;C:\WINDOWS\system32;C:\WINDOWS;C:\WINDOWS\System32\Wbem;C:\WINDOWS\System32\WindowsPowerShell\v1.0\;C:\WINDOWS\System32\OpenSSH\;C:\Users\dhanu\AppData\Local\Programs\Python\Python311\Scripts;C:\Users\dhanu\AppData\Local\Programs\Python\Python311;C:\Program Files\Java\jdk-17\bin;C:\Program Files\nodejs\;C:\ProgramData\chocolatey\bin;C:\Program Files\MySQL\MySQL Shell 8.0\bin\;C:\Users\dhanu\AppData\Local\Microsoft\WindowsApps;C:\Users\dhanu\AppData\Roaming\npm;C:\Users\dhanu\AppData\Local\Programs\Microsoft VS Code\bin
USERNAME=dhanu
OS=Windows_NT
PROCESSOR_IDENTIFIER=Intel64 Family 6 Model 140 Stepping 1, GenuineIntel



---------------  S Y S T E M  ---------------

OS:
 Windows 11 , 64 bit Build 22000 (10.0.22000.434)
OS uptime: 41 days 0:49 hours

CPU: total 4 (initial active 4) (2 cores per cpu, 2 threads per core) family 6 model 140 stepping 1 microcode 0x9a, cx8, cmov, fxsr, ht, mmx, 3dnowpref, sse, sse2, sse3, ssse3, sse4.1, sse4.2, popcnt, lzcnt, tsc, tscinvbit, avx, avx2, aes, erms, clmul, bmi1, bmi2, adx, avx512f, avx512dq, avx512cd, avx512bw, avx512vl, sha, fma, vzeroupper, avx512_vpopcntdq, avx512_vpclmulqdq, avx512_vaes, avx512_vnni, clflush, clflushopt, clwb, avx512_vbmi2, avx512_vbmi

Memory: 4k page, system-wide physical 7991M (34M free)
TotalPageFile size 27088M (AvailPageFile size 29M)
current process WorkingSet (physical memory assigned to process): 9M, peak: 9M
current process commit charge ("private bytes"): 51M, peak: 177M

vm_info: Java HotSpot(TM) 64-Bit Server VM (17.0.8+9-LTS-211) for windows-amd64 JRE (17.0.8+9-LTS-211), built on Jun 14 2023 10:34:31 by "mach5one" with MS VC++ 17.1 (VS2022)

END.
